MARS 4.5  Copyright 2003-2014 Pete Sanderson and Kenneth Vollmar

Error in /Users/kevin/Documents/UC Berkeley/cs164/PA5/example.s line 3 column 9: "class_nameTab" declared global label but not defined.
Error in /Users/kevin/Documents/UC Berkeley/cs164/PA5/example.s line 4 column 9: "Main_protObj" declared global label but not defined.
Error in /Users/kevin/Documents/UC Berkeley/cs164/PA5/example.s line 5 column 9: "Int_protObj" declared global label but not defined.
Error in /Users/kevin/Documents/UC Berkeley/cs164/PA5/example.s line 6 column 9: "String_protObj" declared global label but not defined.
Error in /Users/kevin/Documents/UC Berkeley/cs164/PA5/example.s line 198 column 9: "Main_init" declared global label but not defined.
Error in /Users/kevin/Documents/UC Berkeley/cs164/PA5/example.s line 199 column 9: "Int_init" declared global label but not defined.
Error in /Users/kevin/Documents/UC Berkeley/cs164/PA5/example.s line 200 column 9: "String_init" declared global label but not defined.
Error in /Users/kevin/Documents/UC Berkeley/cs164/PA5/example.s line 201 column 9: "Bool_init" declared global label but not defined.
Error in /Users/kevin/Documents/UC Berkeley/cs164/PA5/example.s line 202 column 9: "Main.main" declared global label but not defined.
Error in /Users/kevin/Documents/UC Berkeley/cs164/PA5/example.s line 31 column 8: Symbol "String_dispTab" not found in symbol table.
Error in /Users/kevin/Documents/UC Berkeley/cs164/PA5/example.s line 39 column 8: Symbol "String_dispTab" not found in symbol table.
Error in /Users/kevin/Documents/UC Berkeley/cs164/PA5/example.s line 48 column 8: Symbol "String_dispTab" not found in symbol table.
Error in /Users/kevin/Documents/UC Berkeley/cs164/PA5/example.s line 57 column 8: Symbol "String_dispTab" not found in symbol table.
Error in /Users/kevin/Documents/UC Berkeley/cs164/PA5/example.s line 66 column 8: Symbol "String_dispTab" not found in symbol table.
Error in /Users/kevin/Documents/UC Berkeley/cs164/PA5/example.s line 75 column 8: Symbol "String_dispTab" not found in symbol table.
Error in /Users/kevin/Documents/UC Berkeley/cs164/PA5/example.s line 84 column 8: Symbol "String_dispTab" not found in symbol table.
Error in /Users/kevin/Documents/UC Berkeley/cs164/PA5/example.s line 93 column 8: Symbol "String_dispTab" not found in symbol table.
Error in /Users/kevin/Documents/UC Berkeley/cs164/PA5/example.s line 102 column 8: Symbol "String_dispTab" not found in symbol table.
Error in /Users/kevin/Documents/UC Berkeley/cs164/PA5/example.s line 111 column 8: Symbol "String_dispTab" not found in symbol table.
Error in /Users/kevin/Documents/UC Berkeley/cs164/PA5/example.s line 120 column 8: Symbol "String_dispTab" not found in symbol table.
Error in /Users/kevin/Documents/UC Berkeley/cs164/PA5/example.s line 129 column 8: Symbol "String_dispTab" not found in symbol table.
Error in /Users/kevin/Documents/UC Berkeley/cs164/PA5/example.s line 138 column 8: Symbol "Int_dispTab" not found in symbol table.
Error in /Users/kevin/Documents/UC Berkeley/cs164/PA5/example.s line 144 column 8: Symbol "Int_dispTab" not found in symbol table.
Error in /Users/kevin/Documents/UC Berkeley/cs164/PA5/example.s line 150 column 8: Symbol "Int_dispTab" not found in symbol table.
Error in /Users/kevin/Documents/UC Berkeley/cs164/PA5/example.s line 156 column 8: Symbol "Int_dispTab" not found in symbol table.
Error in /Users/kevin/Documents/UC Berkeley/cs164/PA5/example.s line 162 column 8: Symbol "Int_dispTab" not found in symbol table.
Error in /Users/kevin/Documents/UC Berkeley/cs164/PA5/example.s line 168 column 8: Symbol "Int_dispTab" not found in symbol table.
Error in /Users/kevin/Documents/UC Berkeley/cs164/PA5/example.s line 174 column 8: Symbol "Int_dispTab" not found in symbol table.
Error in /Users/kevin/Documents/UC Berkeley/cs164/PA5/example.s line 180 column 8: Symbol "Int_dispTab" not found in symbol table.
Error in /Users/kevin/Documents/UC Berkeley/cs164/PA5/example.s line 186 column 8: Symbol "Bool_dispTab" not found in symbol table.
Error in /Users/kevin/Documents/UC Berkeley/cs164/PA5/example.s line 192 column 8: Symbol "Bool_dispTab" not found in symbol table.

Processing terminated due to errors.
