#80
_program
  #3
  _class
    A
    Object
    "good.cl"
    (
    )
  #6
  _class
    BB__
    A
    "good.cl"
    (
    )
  #67
  _class
    FeaturesTest
    IO
    "good.cl"
    (
    #8
    _attr
      bool1
      Bool
      #8
      _no_expr
      : _no_type
    #9
    _attr
      bool2
      Bool
      #9
      _bool
        1
      : _no_type
    #10
    _attr
      n1
      Int
      #10
      _int
        1
      : _no_type
    #11
    _attr
      n2
      Int
      #11
      _plus
        #11
        _mul
          #11
          _object
            n1
          : _no_type
          #11
          _int
            2
          : _no_type
        : _no_type
        #11
        _int
          3
        : _no_type
      : _no_type
    #12
    _attr
      n3
      Int
      #12
      _mul
        #12
        _object
          n1
        : _no_type
        #12
        _plus
          #12
          _int
            2
          : _no_type
          #12
          _int
            3
          : _no_type
        : _no_type
      : _no_type
    #16
    _method
      test1
      #14
      _formal
        str2
        String
      Int
      #16
      _dispatch
        #16
        _object
          self
        : _no_type
        out_string
        (
        #15
        _string
          "hello world"
        : _no_type
        )
      : _no_type
    #19
    _method
      test2
      String
      #19
      _cond
        #18
        _comp
          #18
          _isvoid
            #18
            _object
              n1
            : _no_type
          : _no_type
        : _no_type
        #18
        _dispatch
          #18
          _object
            self
          : _no_type
          out_string
          (
          #18
          _string
            "no"
          : _no_type
          )
        : _no_type
        #18
        _dispatch
          #18
          _object
            self
          : _no_type
          out_string
          (
          #18
          _string
            "yes"
          : _no_type
          )
        : _no_type
      : _no_type
    #24
    _method
      test3
      Object
      #24
      _typcase
        #21
        _eq
          #21
          _int
            1
          : _no_type
          #21
          _int
            2
          : _no_type
        : _no_type
        #22
        _branch
          b1
          Bool
          #22
          _bool
            1
          : _no_type
      : _no_type
    #30
    _method
      test4
      Object
      #30
      _typcase
        #26
        _eq
          #26
          _int
            1
          : _no_type
          #26
          _int
            2
          : _no_type
        : _no_type
        #27
        _branch
          b1
          Bool
          #27
          _bool
            1
          : _no_type
        #28
        _branch
          b2
          Int
          #28
          _int
            1
          : _no_type
      : _no_type
    #33
    _method
      test5
      SELF_TYPE
      #33
      _loop
        #32
        _lt
          #32
          _neg
            #32
            _object
              n1
            : _no_type
          : _no_type
          #32
          _int
            10
          : _no_type
        : _no_type
        #32
        _object
          self
        : _no_type
      : _no_type
    #38
    _method
      test6
      Object
      #38
      _block
        #35
        _object
          n1
        : _no_type
        #36
        _object
          n2
        : _no_type
      : _no_type
    #43
    _method
      test7_let
      Object
      #43
      _let
        n1
        Int
        #40
        _no_expr
        : _no_type
        #43
        _block
          #41
          _assign
            n1
            #41
            _plus
              #41
              _object
                n1
              : _no_type
              #41
              _int
                3
              : _no_type
            : _no_type
          : _no_type
        : _no_type
      : _no_type
    #48
    _method
      test8_let
      Object
      #48
      _let
        n1
        Int
        #45
        _int
          3
        : _no_type
        #48
        _block
          #46
          _assign
            n1
            #46
            _plus
              #46
              _object
                n1
              : _no_type
              #46
              _int
                4
              : _no_type
            : _no_type
          : _no_type
        : _no_type
      : _no_type
    #54
    _method
      test9_let
      Object
      #54
      _let
        n1
        Int
        #50
        _int
          3
        : _no_type
        #54
        _let
          n2
          Int
          #51
          _int
            4
          : _no_type
          #54
          _block
            #52
            _assign
              n1
              #52
              _plus
                #52
                _object
                  n1
                : _no_type
                #52
                _object
                  n2
                : _no_type
              : _no_type
            : _no_type
          : _no_type
        : _no_type
      : _no_type
    #60
    _method
      let10_let
      Object
      #60
      _let
        n1
        Int
        #56
        _no_expr
        : _no_type
        #60
        _let
          n2
          Int
          #57
          _no_expr
          : _no_type
          #60
          _block
            #58
            _assign
              n1
              #58
              _plus
                #58
                _object
                  n1
                : _no_type
                #58
                _object
                  n2
                : _no_type
              : _no_type
            : _no_type
          : _no_type
        : _no_type
      : _no_type
    #63
    _method
      let10_let
      Object
      #63
      _let
        n1
        Int
        #62
        _no_expr
        : _no_type
        #63
        _plus
          #62
          _object
            n1
          : _no_type
          #63
          _int
            2
          : _no_type
        : _no_type
      : _no_type
    )
  #80
  _class
    TypeTest
    FeaturesTest
    "good.cl"
    (
    #68
    _attr
      bool3
      Bool
      #68
      _bool
        1
      : _no_type
    #69
    _attr
      bool4
      Bool
      #69
      _comp
        #69
        _object
          bool3
        : _no_type
      : _no_type
    #71
    _attr
      n3
      Int
      #71
      _int
        1
      : _no_type
    #72
    _attr
      n4
      Int
      #72
      _neg
        #72
        _object
          n3
        : _no_type
      : _no_type
    #74
    _attr
      str
      String
      #74
      _string
        "This is a test"
      : _no_type
    #76
    _attr
      newInstance1
      FeaturesTest
      #76
      _new
        FeaturesTest
      : _no_type
    #77
    _attr
      newInstance2
      FeaturesTest
      #77
      _no_expr
      : _no_type
    #78
    _attr
      obj
      Object
      #78
      _object
        newInstance1
      : _no_type
    #79
    _attr
      voidTest
      Bool
      #79
      _isvoid
        #79
        _object
          newInstance2
        : _no_type
      : _no_type
    )
